04/06/11, 07:22:20, 4, 0, :Invalid directory.
04/06/11, 07:24:50, 4, 0, :Invalid directory.
04/06/11, 07:27:56, 4, 0, :Invalid directory.
04/06/11, 07:29:38, 4, 0, :Invalid directory.
04/13/11, 22:39:15, 4, 0, :Invalid directory.
06/29/11, 19:02:41, 4, 0, :Invalid directory.
06/29/11, 19:02:54, 4, 0, :Invalid directory.
06/29/11, 19:46:10, 4, 0, :Invalid directory.
06/30/11, 16:54:46, 4, 0, :Invalid directory.
07/20/11, 23:13:13, 4, 0, :Invalid directory.
07/20/11, 23:13:40, 4, 0, :Invalid directory.
08/19/13, 20:26:51, 4, 0, :Invalid directory.
08/19/13, 20:30:03, 4, 0, :Invalid directory.
08/19/13, 20:30:47, 4, 0, :Invalid directory.
08/19/13, 22:02:57, 4, 0, :Invalid directory.
08/19/13, 22:07:46, 4, 0, :Invalid directory.
08/19/13, 23:11:34, 4, 0, :Invalid directory.
08/19/13, 23:14:27, 4, 0, :Invalid directory.
08/19/13, 23:30:49, 4, 0, :Invalid directory.
08/19/13, 23:36:41, 4, 0, :Invalid directory.
08/19/13, 23:44:02, 4, 0, :Invalid directory.
08/23/13, 22:29:50, 4, 0, :Invalid directory.
08/23/13, 22:35:20, 4, 0, :Invalid directory.
08/23/13, 23:12:13, 4, 0, :Invalid directory.
08/23/13, 23:12:28, 4, 0, :Invalid directory.
08/23/13, 23:12:52, 4, 0, :Invalid directory.
08/23/13, 23:13:06, 4, 0, :Invalid directory.
08/23/13, 23:14:51, 4, 0, :Invalid directory.
08/23/13, 23:15:43, 4, 0, c:\ADMIN\NORDI\BOL006.RPT:Error starting print job. Please check your printer or network connection.
08/23/13, 23:15:45, 4, 0, c:\ADMIN\NORDI\BOL006.RPT:Server has not yet been opened.
08/23/13, 23:16:36, 4, 0, :Invalid directory.
08/23/13, 23:17:02, 4, 0, :Invalid directory.
08/23/13, 23:27:29, 4, 0, :Invalid directory.
08/23/13, 23:29:20, 4, 0, :Invalid directory.
08/23/13, 23:32:41, 4, 0, :Invalid directory.
08/23/13, 23:33:41, 4, 0, :Invalid directory.
08/23/13, 23:34:24, 4, 0, :Invalid directory.
08/23/13, 23:34:24, 4, 0, :Invalid directory.
08/23/13, 23:34:28, 4, 0, :Invalid directory.
08/23/13, 23:34:44, 4, 0, :Invalid directory.
08/23/13, 23:34:47, 4, 0, :Invalid directory.
08/23/13, 23:35:27, 4, 0, :Invalid directory.
08/23/13, 23:35:27, 4, 0, :Invalid directory.
08/23/13, 23:36:11, 4, 0, :Invalid directory.
08/23/13, 23:36:14, 4, 0, :Invalid directory.
08/23/13, 23:37:13, 4, 0, :Invalid directory.
08/23/13, 23:37:38, 4, 0, :Invalid directory.
08/23/13, 23:37:39, 4, 0, :Invalid directory.
08/23/13, 23:38:42, 4, 0, :Invalid directory.
08/23/13, 23:45:40, 4, 0, :Invalid directory.
08/23/13, 23:48:07, 4, 0, :Invalid directory.
08/31/13, 20:27:20, 4, 0, :Invalid directory.
08/31/13, 20:28:24, 4, 0, :Invalid directory.
08/31/13, 20:34:19, 4, 0, :Invalid directory.
08/31/13, 20:47:29, 4, 0, :Invalid directory.
08/31/13, 20:51:07, 4, 0, :Invalid directory.
08/31/13, 20:57:04, 4, 0, :Invalid directory.
08/31/13, 20:59:43, 4, 0, c:\ADMIN\NORDI\BOL006.RPT:Server has not yet been opened.
08/31/13, 21:00:36, 4, 0, :Invalid directory.
08/31/13, 21:04:44, 4, 0, :Invalid directory.
09/04/13, 11:19:31, 4, 0, :Invalid directory.
09/04/13, 11:23:31, 4, 0, :Invalid directory.
09/04/13, 11:25:42, 4, 0, :Invalid directory.
09/04/13, 11:29:31, 4, 0, :Invalid directory.
10/10/13, 10:20:18, 4, 0, :Invalid directory.
10/10/13, 10:21:08, 4, 0, :Invalid directory.
10/10/13, 10:25:54, 4, 0, :Invalid directory.
10/10/13, 10:37:44, 4, 0, :Invalid directory.
10/10/13, 10:38:13, 4, 0, :Invalid directory.
10/10/13, 10:45:00, 4, 0, :Invalid directory.
10/10/13, 10:49:56, 4, 0, :Invalid directory.
10/10/13, 10:50:15, 4, 0, :Invalid directory.
01/10/14, 14:53:39, 4, 0, :Invalid directory.
01/10/14, 15:56:17, 4, 0, :Invalid directory.
01/10/14, 16:02:20, 4, 0, :Invalid directory.
01/10/14, 16:04:12, 4, 0, c:\ADMIN\NORDI\RESCAJAUSU.RPT:Error detected by database DLL.
06/07/14, 18:24:48, 4, 0, :Invalid directory.
06/07/14, 18:27:05, 4, 0, :Invalid directory.
06/07/14, 18:28:39, 4, 0, :Invalid directory.
12/20/15, 21:09:23, 4, 0, :Invalid directory.
10/30/17, 22:16:28, 4, 0, :Invalid directory.
12/04/17, 11:10:23, 4, 0, :Invalid directory.
12/04/17, 11:13:57, 4, 0, :Invalid directory.
12/04/17, 11:20:27, 4, 0, :Invalid directory.
12/04/17, 11:24:08, 4, 0, :Invalid directory.
12/04/17, 11:30:10, 4, 0, :Invalid directory.
12/04/17, 15:07:52, 4, 0, :Invalid directory.
12/04/17, 17:26:10, 4, 0, :Invalid directory.
12/04/17, 17:28:39, 4, 0, :Invalid directory.
12/11/17, 23:21:08, 4, 0, :Invalid directory.
12/12/17, 19:51:07, 4, 0, :Invalid directory.
12/12/17, 19:53:13, 4, 0, :Invalid directory.
12/12/17, 19:58:55, 4, 0, :Invalid directory.
12/12/17, 20:15:09, 4, 0, :Invalid directory.
12/12/17, 20:24:08, 4, 0, :Invalid directory.
12/12/17, 20:26:47, 4, 0, :Invalid directory.
12/12/17, 20:27:58, 4, 0, :Invalid directory.
12/12/17, 20:30:39, 4, 0, :Invalid directory.
12/12/17, 23:37:28, 4, 0, :Invalid directory.
12/12/17, 23:38:05, 4, 0, :Invalid directory.
12/12/17, 23:38:55, 4, 0, :Invalid directory.
12/12/17, 23:39:26, 4, 0, :Invalid directory.
12/12/17, 23:40:23, 4, 0, :Invalid directory.
12/12/17, 23:42:05, 4, 0, :Invalid directory.
12/12/17, 23:47:42, 4, 0, :Invalid directory.
12/12/17, 23:49:43, 4, 0, :Invalid directory.
12/12/17, 23:49:59, 4, 0, :Invalid directory.
12/12/17, 23:51:08, 4, 0, :Invalid directory.
12/18/17, 14:54:27, 4, 0, :Invalid directory.
12/18/17, 14:55:01, 4, 0, :Invalid directory.
12/18/17, 15:15:48, 4, 0, :Invalid directory.
12/18/17, 16:08:05, 4, 0, :Invalid directory.
03/14/18, 09:50:06, 4, 0, :Invalid directory.
05/25/18, 23:28:01, 4, 0, :Invalid directory.
05/25/18, 23:30:43, 4, 0, :Invalid directory.
06/05/18, 20:46:32, 4, 0, :Invalid directory.
06/05/18, 20:49:59, 4, 0, :Invalid directory.
06/30/18, 01:17:10, 4, 0, :Invalid directory.
06/30/18, 01:18:44, 4, 0, :Invalid directory.
06/30/18, 01:20:44, 4, 0, :Invalid directory.
06/30/18, 01:23:33, 4, 0, :Invalid directory.
10/04/18, 18:55:30, 4, 0, :Invalid directory.
10/04/18, 18:56:26, 4, 0, :Invalid directory.
10/04/18, 18:57:31, 4, 0, :Invalid directory.
10/04/18, 18:58:07, 4, 0, :Invalid directory.
10/04/18, 18:58:58, 4, 0, :Invalid directory.
10/04/18, 19:00:54, 4, 0, :Invalid directory.
10/04/18, 19:02:14, 4, 0, :Invalid directory.
10/04/18, 19:02:46, 4, 0, :Invalid directory.
10/04/18, 19:03:35, 4, 0, :Invalid directory.
10/13/18, 20:18:18, 4, 0, :Invalid directory.
10/13/18, 20:30:06, 4, 0, :Invalid directory.
10/13/18, 21:14:31, 4, 0, :Invalid directory.
10/13/18, 21:17:24, 4, 0, :Invalid directory.
10/13/18, 21:21:51, 4, 0, :Invalid directory.
10/13/18, 21:26:09, 4, 0, :Invalid directory.
10/13/18, 21:28:58, 4, 0, :Invalid directory.
10/13/18, 21:31:17, 4, 0, :Invalid directory.
10/13/18, 21:32:13, 4, 0, :Invalid directory.
10/13/18, 22:33:01, 4, 0, :Invalid directory.
10/13/18, 22:51:24, 4, 0, :Invalid directory.
10/14/18, 11:54:35, 4, 0, :Invalid directory.
10/14/18, 11:56:55, 4, 0, :Invalid directory.
10/14/18, 11:58:01, 4, 0, :Invalid directory.
10/14/18, 22:58:06, 4, 0, :Invalid directory.
10/14/18, 22:58:39, 4, 0, :Invalid directory.
10/14/18, 23:01:00, 4, 0, :Invalid directory.
10/14/18, 23:02:35, 4, 0, :Invalid directory.
10/14/18, 23:06:47, 4, 0, :Invalid directory.
10/14/18, 23:09:25, 4, 0, :Invalid directory.
10/14/18, 23:17:17, 4, 0, :Invalid directory.
10/18/18, 19:52:14, 4, 0, :Invalid directory.
10/18/18, 19:56:10, 4, 0, :Invalid directory.
10/18/18, 20:37:48, 4, 0, :Invalid directory.
10/18/18, 20:52:16, 4, 0, :Invalid directory.
10/18/18, 20:55:30, 4, 0, :Invalid directory.
10/18/18, 20:58:29, 4, 0, :Invalid directory.
10/18/18, 20:59:42, 4, 0, :Invalid directory.
10/18/18, 21:04:27, 4, 0, :Invalid directory.
10/18/18, 21:13:14, 4, 0, :Invalid directory.
10/18/18, 21:14:10, 4, 0, :Invalid directory.
10/18/18, 21:23:03, 4, 0, :Invalid directory.
10/18/18, 21:31:15, 4, 0, :Invalid directory.
10/18/18, 21:31:58, 4, 0, :Invalid directory.
10/18/18, 21:37:30, 4, 0, :Invalid directory.
10/18/18, 21:44:56, 4, 0, :Invalid directory.
10/18/18, 21:47:16, 4, 0, :Invalid directory.
10/18/18, 21:56:58, 4, 0, :Invalid directory.
10/18/18, 22:04:45, 4, 0, :Invalid directory.
10/18/18, 22:10:21, 4, 0, :Invalid directory.
10/18/18, 22:37:23, 4, 0, :Invalid directory.
10/18/18, 22:39:18, 4, 0, :Invalid directory.
10/18/18, 22:44:26, 4, 0, :Invalid directory.
10/18/18, 22:46:50, 4, 0, :Invalid directory.
10/18/18, 22:48:33, 4, 0, :Invalid directory.
10/18/18, 22:51:46, 4, 0, :Invalid directory.
10/18/18, 22:54:25, 4, 0, :Invalid directory.
10/22/18, 22:25:23, 4, 0, :Invalid directory.
10/22/18, 22:25:54, 4, 0, :Invalid directory.
10/22/18, 22:26:54, 4, 0, :Invalid directory.
10/22/18, 22:29:22, 4, 0, :Invalid directory.
10/22/18, 22:29:56, 4, 0, :Invalid directory.
10/22/18, 22:32:02, 4, 0, :Invalid directory.
10/22/18, 22:32:39, 4, 0, :Invalid directory.
10/22/18, 22:33:51, 4, 0, :Invalid directory.
10/22/18, 22:35:04, 4, 0, :Invalid directory.
10/22/18, 22:35:43, 4, 0, :Invalid directory.
10/22/18, 22:36:12, 4, 0, :Invalid directory.
10/22/18, 22:36:14, 4, 0, :Invalid directory.
10/22/18, 22:37:49, 4, 0, :Invalid directory.
10/23/18, 20:39:58, 4, 0, :Invalid directory.
10/23/18, 20:41:40, 4, 0, :Invalid directory.
10/23/18, 20:43:09, 4, 0, :Invalid directory.
10/23/18, 20:54:44, 4, 0, :Invalid directory.
10/24/18, 17:16:22, 4, 0, :Invalid directory.
10/24/18, 21:58:07, 4, 0, :Invalid directory.
10/24/18, 21:59:54, 4, 0, c:\ADMIN\NORDI\COTI.RPT:Error starting print job. Please check your printer or network connection.
10/24/18, 22:04:17, 4, 0, :Invalid directory.
10/24/18, 22:05:41, 4, 0, :Invalid directory.
10/24/18, 22:06:03, 4, 0, :Invalid directory.
10/24/18, 22:08:09, 4, 0, :Invalid directory.
10/24/18, 22:09:25, 4, 0, :Invalid directory.
10/24/18, 22:12:55, 4, 0, :Invalid directory.
10/24/18, 22:17:33, 4, 0, :Invalid directory.
10/24/18, 22:18:03, 4, 0, :Invalid directory.
10/24/18, 22:18:42, 4, 0, :Invalid directory.
10/24/18, 22:21:40, 4, 0, :Invalid directory.
10/24/18, 22:26:52, 4, 0, :Invalid directory.
10/24/18, 22:30:36, 4, 0, :Invalid directory.
10/24/18, 22:32:27, 4, 0, :Invalid directory.
10/24/18, 22:33:29, 4, 0, :Invalid directory.
10/24/18, 22:37:36, 4, 0, :Invalid directory.
10/24/18, 23:17:40, 4, 0, :Invalid directory.
10/24/18, 23:18:59, 4, 0, :Invalid directory.
10/24/18, 23:19:46, 4, 0, :Invalid directory.
10/24/18, 23:22:47, 4, 0, :Invalid directory.
10/24/18, 23:33:21, 4, 0, :Invalid directory.
10/24/18, 23:33:40, 4, 0, :Invalid directory.
10/24/18, 23:37:04, 4, 0, :Invalid directory.
10/24/18, 23:42:28, 4, 0, :Invalid directory.
10/24/18, 23:42:57, 4, 0, :Invalid directory.
10/25/18, 21:30:17, 4, 0, :Invalid directory.
10/25/18, 21:50:00, 4, 0, :Invalid directory.
10/26/18, 09:41:15, 4, 0, :Invalid directory.
10/26/18, 17:38:55, 4, 0, :Invalid directory.
10/26/18, 17:40:03, 4, 0, :Invalid directory.
10/26/18, 17:45:03, 4, 0, :Invalid directory.
10/26/18, 19:48:56, 4, 0, :Invalid directory.
10/29/18, 20:00:32, 4, 0, :Invalid directory.
10/29/18, 20:13:50, 4, 0, :Invalid directory.
10/29/18, 20:55:21, 4, 0, :Invalid directory.
10/29/18, 21:17:20, 4, 0, :Invalid directory.
10/29/18, 21:17:37, 4, 0, :Invalid directory.
10/30/18, 17:02:09, 4, 0, :Invalid directory.
10/30/18, 19:56:04, 4, 0, :Invalid directory.
10/30/18, 20:03:33, 4, 0, :Invalid directory.
10/30/18, 20:11:09, 4, 0, :Invalid directory.
10/30/18, 22:00:08, 4, 0, :Invalid directory.
10/30/18, 23:09:09, 4, 0, :Invalid directory.
10/30/18, 23:14:15, 4, 0, :Invalid directory.
10/30/18, 23:19:53, 4, 0, :Invalid directory.
10/30/18, 23:25:48, 4, 0, :Invalid directory.
10/30/18, 23:29:03, 4, 0, :Invalid directory.
10/30/18, 23:32:08, 4, 0, :Invalid directory.
10/30/18, 23:38:25, 4, 0, :Invalid directory.
10/30/18, 23:40:02, 4, 0, :Invalid directory.
11/03/18, 19:36:46, 4, 0, :Invalid directory.
11/03/18, 19:41:15, 4, 0, :Invalid directory.
11/04/18, 23:47:11, 4, 0, :Invalid directory.
11/04/18, 23:49:20, 4, 0, :Invalid directory.
11/07/18, 12:31:24, 4, 0, :Invalid directory.
11/07/18, 12:33:31, 4, 0, :Invalid directory.
12/01/18, 23:45:09, 4, 0, :Invalid directory.
12/01/18, 23:46:01, 4, 0, :Invalid directory.
12/12/18, 00:40:47, 4, 0, :Invalid directory.
12/12/18, 00:46:25, 4, 0, :Invalid directory.
12/12/18, 00:59:28, 4, 0, :Invalid directory.
12/12/18, 01:12:33, 4, 0, :Invalid directory.
01/09/19, 18:20:17, 4, 0, :Invalid directory.
01/10/19, 12:35:45, 4, 0, :Invalid directory.
01/10/19, 15:40:04, 4, 0, c:\ADMIN\NORDI\RESCAJAUSU.RPT:Error detected by database DLL.
01/30/19, 22:44:48, 4, 0, :Invalid directory.
01/30/19, 22:50:12, 4, 0, :Invalid directory.
01/30/19, 22:50:31, 4, 0, :Invalid directory.
01/30/19, 22:51:38, 4, 0, :Invalid directory.
01/31/19, 22:07:59, 4, 0, :Invalid directory.
01/31/19, 22:08:27, 4, 0, :Invalid directory.
01/31/19, 23:00:51, 4, 0, :Invalid directory.
01/31/19, 23:01:11, 4, 0, :Invalid directory.
02/04/19, 22:51:50, 4, 0, :Invalid directory.
02/04/19, 22:52:00, 4, 0, :Invalid directory.
02/04/19, 22:52:10, 4, 0, :Invalid directory.
02/04/19, 22:52:45, 4, 0, :Invalid directory.
02/04/19, 22:54:08, 4, 0, :Invalid directory.
02/04/19, 22:55:26, 4, 0, :Invalid directory.
02/04/19, 23:01:22, 4, 0, :Invalid directory.
02/04/19, 23:06:31, 4, 0, :Invalid directory.
02/04/19, 23:13:41, 4, 0, :Invalid directory.
02/04/19, 23:20:53, 4, 0, :Invalid directory.
02/04/19, 23:30:12, 4, 0, :Invalid directory.
02/04/19, 23:46:44, 4, 0, :Invalid directory.
02/04/19, 23:51:54, 4, 0, :Invalid directory.
02/05/19, 23:17:13, 4, 0, :Invalid directory.
02/05/19, 23:22:21, 4, 0, :Invalid directory.
02/05/19, 23:23:45, 4, 0, :Invalid directory.
02/06/19, 23:00:53, 4, 0, :Invalid directory.
02/06/19, 23:13:41, 4, 0, :Invalid directory.
02/06/19, 23:18:08, 4, 0, :Invalid directory.
02/11/19, 19:54:35, 4, 0, :Invalid directory.
02/11/19, 19:55:19, 4, 0, :Invalid directory.
02/11/19, 19:58:29, 4, 0, :Invalid directory.
02/11/19, 20:04:20, 4, 0, :Invalid directory.
02/11/19, 20:09:08, 4, 0, :Invalid directory.
02/11/19, 20:10:20, 4, 0, :Invalid directory.
02/11/19, 20:22:19, 4, 0, :Invalid directory.
02/11/19, 20:23:01, 4, 0, :Invalid directory.
02/11/19, 20:47:18, 4, 0, :Invalid directory.
02/11/19, 22:27:08, 4, 0, :Invalid directory.
02/11/19, 22:33:22, 4, 0, :Invalid directory.
02/12/19, 18:09:39, 4, 0, :Invalid directory.
02/12/19, 18:11:14, 4, 0, :Invalid directory.
02/12/19, 18:14:42, 4, 0, :Invalid directory.
02/12/19, 18:15:40, 4, 0, :Invalid directory.
02/12/19, 18:17:20, 4, 0, :Invalid directory.
02/12/19, 18:18:30, 4, 0, :Invalid directory.
02/12/19, 18:21:23, 4, 0, :Invalid directory.
02/12/19, 18:23:15, 4, 0, :Invalid directory.
02/12/19, 18:31:15, 4, 0, :Invalid directory.
02/12/19, 18:35:12, 4, 0, :Invalid directory.
02/12/19, 18:42:44, 4, 0, :Invalid directory.
02/12/19, 18:46:39, 4, 0, :Invalid directory.
02/12/19, 18:51:39, 4, 0, :Invalid directory.
02/12/19, 18:52:31, 4, 0, :Invalid directory.
02/12/19, 18:56:24, 4, 0, :Invalid directory.
02/12/19, 18:58:27, 4, 0, :Invalid directory.
02/12/19, 19:03:03, 4, 0, :Invalid directory.
02/12/19, 19:16:27, 4, 0, :Invalid directory.
02/12/19, 19:25:55, 4, 0, :Invalid directory.
02/13/19, 22:01:31, 4, 0, :Invalid directory.
13/02/2019, 11:17:38 p.m., 4, 0, :Invalid directory.
13/02/2019, 11:18:30 p.m., 4, 0, :Invalid directory.
13/02/2019, 11:38:03 p.m., 4, 0, :Invalid directory.
02/13/19, 23:40:31, 4, 0, :Invalid directory.
02/13/19, 23:41:46, 4, 0, :Invalid directory.
02/13/19, 23:43:04, 4, 0, :Invalid directory.
02/13/19, 23:43:21, 4, 0, :Invalid directory.
02/13/19, 23:44:46, 4, 0, :Invalid directory.
02/13/19, 23:51:37, 4, 0, :Invalid directory.
02/13/19, 23:51:53, 4, 0, :Invalid directory.
02/13/19, 23:56:27, 4, 0, :Invalid directory.
02/27/19, 22:24:47, 4, 0, :Invalid directory.
02/27/19, 22:26:00, 4, 0, :Invalid directory.
02/28/19, 12:50:13, 4, 0, :Invalid directory.
03/05/19, 16:36:13, 4, 0, :Invalid directory.
03/05/19, 16:37:05, 4, 0, :Invalid directory.
03/05/19, 16:38:36, 4, 0, :Invalid directory.
03/05/19, 16:41:16, 4, 0, :Invalid directory.
03/05/19, 16:43:12, 4, 0, :Invalid directory.
03/05/19, 16:50:43, 4, 0, :Invalid directory.
06/01/19, 09:52:59, 4, 0, :Invalid directory.
06/01/19, 09:53:23, 4, 0, :Invalid directory.
06/01/19, 09:56:37, 4, 0, :Invalid directory.
06/01/19, 09:57:57, 4, 0, :Invalid directory.
06/01/19, 10:01:42, 4, 0, :Invalid directory.
06/01/19, 10:11:17, 4, 0, :Invalid directory.
06/01/19, 10:19:31, 4, 0, :Invalid directory.
06/01/19, 10:21:53, 4, 0, :Invalid directory.
06/02/19, 09:54:40, 4, 0, :Invalid directory.
06/02/19, 10:13:46, 4, 0, :Invalid directory.
06/02/19, 10:17:51, 4, 0, :Invalid directory.
06/02/19, 10:22:18, 4, 0, :Invalid directory.
06/02/19, 10:26:19, 4, 0, :Invalid directory.
06/02/19, 10:37:46, 4, 0, :Invalid directory.
06/02/19, 10:39:35, 4, 0, :Invalid directory.
06/14/19, 17:38:42, 4, 0, :Invalid directory.
06/14/19, 17:39:36, 4, 0, :Invalid directory.
06/14/19, 17:48:59, 4, 0, :Invalid directory.
06/14/19, 17:50:08, 4, 0, :Invalid directory.
07/01/19, 12:41:59, 4, 0, :Invalid directory.
07/01/19, 12:42:22, 4, 0, :Invalid directory.
07/01/19, 12:42:30, 4, 0, :Invalid directory.
07/16/19, 00:00:48, 4, 0, :Invalid directory.
07/16/19, 00:02:45, 4, 0, :Invalid directory.
07/16/19, 00:04:42, 4, 0, :Invalid directory.
07/16/19, 00:08:18, 4, 0, :Invalid directory.
07/17/19, 00:10:05, 4, 0, :Invalid directory.
01/30/20, 23:34:22, 4, 0, :Invalid directory.
01/30/20, 23:36:26, 4, 0, :Invalid directory.
01/30/20, 23:37:46, 4, 0, :Invalid directory.
01/30/20, 23:39:07, 4, 0, :Invalid directory.
01/30/20, 23:45:29, 4, 0, :Invalid directory.
02/02/20, 23:04:47, 4, 0, :Invalid directory.
02/03/20, 20:10:43, 4, 0, :Invalid directory.
02/03/20, 20:12:33, 4, 0, :Invalid directory.
02/03/20, 20:13:16, 4, 0, :Invalid directory.
02/03/20, 20:13:59, 4, 0, :Invalid directory.
02/03/20, 20:14:49, 4, 0, :Invalid directory.
02/03/20, 20:16:30, 4, 0, :Invalid directory.
02/03/20, 20:17:23, 4, 0, :Invalid directory.
02/11/20, 23:08:36, 4, 0, :Invalid directory.
02/11/20, 23:12:34, 4, 0, :Invalid directory.
02/11/20, 23:23:49, 4, 0, :Invalid directory.
02/11/20, 23:31:07, 4, 0, :Invalid directory.
02/11/20, 23:33:12, 4, 0, :Invalid directory.
02/11/20, 23:33:21, 4, 0, :Invalid directory.
02/11/20, 23:34:11, 4, 0, :Invalid directory.
02/11/20, 23:36:05, 4, 0, :Invalid directory.
02/11/20, 23:37:02, 4, 0, :Invalid directory.
02/11/20, 23:38:24, 4, 0, :Invalid directory.
02/11/20, 23:38:51, 4, 0, :Invalid directory.
02/11/20, 23:50:31, 4, 0, :Invalid directory.
02/11/20, 23:57:02, 4, 0, :Invalid directory.
02/12/20, 00:07:13, 4, 0, :Invalid directory.
02/12/20, 00:11:35, 4, 0, :Invalid directory.
02/12/20, 00:13:39, 4, 0, :Invalid directory.
02/12/20, 00:24:47, 4, 0, :Invalid directory.
02/12/20, 00:28:41, 4, 0, :Invalid directory.
02/12/20, 00:48:30, 4, 0, :Invalid directory.
02/12/20, 00:51:20, 4, 0, :Invalid directory.
02/12/20, 00:52:31, 4, 0, :Invalid directory.
02/12/20, 01:05:10, 4, 0, :Invalid directory.
03/25/20, 21:06:06, 4, 0, :Invalid directory.
03/25/20, 21:21:01, 4, 0, :Invalid directory.
03/25/20, 21:25:03, 4, 0, :Invalid directory.
05/18/20, 17:51:50, 4, 0, :Invalid directory.
06/03/20, 21:34:18, 4, 0, :Invalid directory.
06/03/20, 21:37:42, 4, 0, :Invalid directory.
06/03/20, 21:43:19, 4, 0, :Invalid directory.
06/03/20, 21:45:42, 4, 0, :Invalid directory.
06/03/20, 21:48:35, 4, 0, :Invalid directory.
06/03/20, 21:53:44, 4, 0, :Invalid directory.
06/03/20, 21:54:37, 4, 0, c:\ADMIN\NORDI\RESCAJAUSU.RPT:Error detected by database DLL.
06/03/20, 21:56:46, 4, 0, c:\ADMIN\NORDI\RESUART.RPT:Error detected by database DLL.
06/03/20, 21:57:36, 4, 0, c:\ADMIN\NORDI\RESUART.RPT:This field name is not known.
06/03/20, 22:06:22, 4, 0, :Invalid directory.
06/04/20, 23:11:21, 4, 0, :Invalid directory.
06/08/20, 17:17:48, 4, 0, :Invalid directory.
06/08/20, 17:19:14, 4, 0, :Invalid directory.
06/08/20, 17:23:33, 4, 0, :Invalid directory.
06/08/20, 17:25:57, 4, 0, :Invalid directory.
06/11/20, 23:46:09, 4, 0, :Invalid directory.
06/11/20, 23:50:34, 4, 0, :Invalid directory.
06/12/20, 00:04:51, 4, 0, c:\ADMIN\NORDI\FAC006.RPT:There is an error in this formula.  Please edit it for more details.
06/12/20, 00:04:51, 4, 0, c:\ADMIN\NORDI\FAC006.RPT:A statement is expected here.
06/12/20, 00:13:50, 4, 0, :Invalid directory.
06/12/20, 00:19:32, 4, 0, :Invalid directory.
06/12/20, 00:23:39, 4, 0, :Invalid directory.
06/12/20, 00:36:20, 4, 0, :Invalid directory.
06/12/20, 00:38:26, 4, 0, :Invalid directory.
06/14/20, 19:45:52, 4, 0, :Invalid directory.
06/14/20, 19:56:46, 4, 0, :Invalid directory.
06/14/20, 20:01:06, 4, 0, :Invalid directory.
06/14/20, 20:03:30, 4, 0, :Invalid directory.
06/14/20, 20:10:14, 4, 0, :Invalid directory.
06/14/20, 20:13:13, 4, 0, :Invalid directory.
06/14/20, 20:16:23, 4, 0, :Invalid directory.
06/14/20, 20:17:04, 4, 0, :Invalid directory.
06/14/20, 20:19:58, 4, 0, :Invalid directory.
06/14/20, 20:20:39, 4, 0, :Invalid directory.
06/14/20, 20:28:14, 4, 0, :Invalid directory.
06/14/20, 20:31:47, 4, 0, :Invalid directory.
06/14/20, 22:07:26, 4, 0, :Invalid directory.
06/14/20, 22:07:37, 4, 0, :Invalid directory.
06/14/20, 22:23:44, 4, 0, :Invalid directory.
06/14/20, 22:26:44, 4, 0, :Invalid directory.
06/14/20, 22:43:42, 4, 0, :Invalid directory.
07/01/20, 18:53:01, 4, 0, :Invalid directory.
07/13/20, 22:41:13, 4, 0, :Invalid directory.
07/13/20, 22:43:49, 4, 0, :Invalid directory.
07/13/20, 22:44:05, 4, 0, :Invalid directory.
07/13/20, 22:45:19, 4, 0, :Invalid directory.
07/13/20, 22:49:48, 4, 0, :Invalid directory.
07/13/20, 22:52:03, 4, 0, :Invalid directory.
07/13/20, 22:53:49, 4, 0, :Invalid directory.
07/13/20, 22:57:22, 4, 0, c:\ADMIN\NORDI\REGVENTAS.RPT:This field name is not known.
07/13/20, 22:58:08, 4, 0, :Invalid directory.
07/13/20, 22:58:26, 4, 0, :Invalid directory.
07/13/20, 23:05:24, 4, 0, :Invalid directory.
07/13/20, 23:06:48, 4, 0, :Invalid directory.
07/13/20, 23:11:21, 4, 0, :Invalid directory.
07/13/20, 23:13:04, 4, 0, :File not found.
07/13/20, 23:13:04, 4, 0, :File not found.
07/13/20, 23:13:14, 4, 0, :File not found.
07/13/20, 23:16:03, 4, 0, c:\ADMIN\NORDI\REGVENTAS.RPT:This field name is not known.
07/13/20, 23:16:22, 4, 0, :Invalid directory.
07/15/20, 22:42:00, 4, 0, :Invalid directory.
07/15/20, 22:54:48, 4, 0, :Invalid directory.
07/15/20, 23:32:08, 4, 0, :Invalid directory.
07/15/20, 23:46:56, 4, 0, :Invalid directory.
07/16/20, 00:33:41, 4, 0, :Invalid directory.
07/16/20, 00:34:42, 4, 0, :Invalid directory.
07/16/20, 19:48:52, 4, 0, :Invalid directory.
07/16/20, 19:53:01, 4, 0, :Invalid directory.
07/16/20, 19:56:23, 4, 0, :Invalid directory.
07/16/20, 19:57:27, 4, 0, :Invalid directory.
07/16/20, 19:59:24, 4, 0, :Invalid directory.
07/17/20, 10:28:04, 4, 0, :Invalid directory.
07/17/20, 10:29:52, 4, 0, :Invalid directory.
07/17/20, 10:40:07, 4, 0, :Invalid directory.
07/17/20, 10:42:03, 4, 0, :Invalid directory.
07/17/20, 10:44:42, 4, 0, :Invalid directory.
07/20/20, 18:41:20, 4, 0, :Invalid directory.
07/26/20, 20:20:29, 4, 0, :Invalid directory.
07/26/20, 20:20:40, 4, 0, :Invalid directory.
07/26/20, 20:21:06, 4, 0, :Invalid directory.
07/26/20, 20:26:06, 4, 0, :Invalid directory.
07/26/20, 20:26:37, 4, 0, :Invalid directory.
07/27/20, 22:27:20, 4, 0, :Invalid directory.
07/27/20, 22:31:09, 4, 0, :Invalid directory.
07/27/20, 22:33:17, 4, 0, :Invalid directory.
07/27/20, 22:38:30, 4, 0, :Invalid directory.
08/03/20, 10:39:44, 4, 0, :Invalid directory.
08/03/20, 13:22:52, 4, 0, :Invalid directory.
08/05/20, 20:52:25, 4, 0, :Invalid directory.
08/07/20, 22:23:46, 4, 0, :Invalid directory.
08/07/20, 22:25:33, 4, 0, :Invalid directory.
08/07/20, 22:54:29, 4, 0, :Invalid directory.
08/07/20, 22:55:41, 4, 0, :Invalid directory.
08/07/20, 23:03:16, 4, 0, :Invalid directory.
08/07/20, 23:04:28, 4, 0, :Invalid directory.
08/07/20, 23:08:09, 4, 0, :Invalid directory.
08/08/20, 11:02:25, 4, 0, :Invalid directory.
08/08/20, 12:06:09, 4, 0, :Invalid directory.
08/08/20, 12:15:12, 4, 0, :Invalid directory.
08/09/20, 12:11:36, 4, 0, :Invalid directory.
08/09/20, 12:13:48, 4, 0, :Invalid directory.
08/09/20, 12:14:05, 4, 0, :Invalid directory.
08/09/20, 12:14:53, 4, 0, :Invalid directory.
08/09/20, 12:16:26, 4, 0, :Invalid directory.
08/09/20, 12:21:29, 4, 0, :Invalid directory.
08/09/20, 12:22:51, 4, 0, :Invalid directory.
08/13/20, 19:55:40, 4, 0, :Invalid directory.
08/13/20, 20:01:11, 4, 0, :Invalid directory.
08/13/20, 20:41:36, 4, 0, :Invalid directory.
08/13/20, 20:47:02, 4, 0, :Invalid directory.
08/13/20, 20:51:32, 4, 0, :Invalid directory.
08/13/20, 20:53:35, 4, 0, :Invalid directory.
08/13/20, 21:03:03, 4, 0, :Invalid directory.
08/13/20, 21:05:29, 4, 0, :Invalid directory.
08/13/20, 21:08:50, 4, 0, :Invalid directory.
08/13/20, 21:14:31, 4, 0, :Invalid directory.
08/13/20, 21:14:40, 4, 0, :Invalid directory.
08/13/20, 21:22:39, 4, 0, :Invalid directory.
08/13/20, 21:25:07, 4, 0, :Invalid directory.
08/13/20, 21:27:24, 4, 0, :Invalid directory.
08/13/20, 21:35:22, 4, 0, :Invalid directory.
08/13/20, 21:40:21, 4, 0, :Invalid directory.
08/13/20, 21:44:50, 4, 0, :Invalid directory.
08/13/20, 21:45:03, 4, 0, :Invalid directory.
09/02/20, 17:14:15, 4, 0, :Invalid directory.
09/07/20, 22:31:43, 4, 0, :Invalid directory.
09/08/20, 09:21:14, 4, 0, :Invalid directory.
09/08/20, 09:25:52, 4, 0, :Invalid directory.
09/29/20, 23:38:10, 4, 0, :Invalid directory.
09/30/20, 08:31:26, 4, 0, :Invalid directory.
10/17/20, 09:55:34, 4, 0, :Invalid directory.
10/17/20, 09:58:37, 4, 0, :Invalid directory.
10/17/20, 09:59:00, 4, 0, :Invalid directory.
10/17/20, 10:00:12, 4, 0, :Invalid directory.
10/17/20, 11:09:06, 4, 0, :Invalid directory.
10/17/20, 11:12:44, 4, 0, :Invalid directory.
10/17/20, 11:16:18, 4, 0, :Invalid directory.
10/17/20, 11:16:55, 4, 0, :Invalid directory.
10/21/20, 08:52:10, 4, 0, :Invalid directory.
10/21/20, 09:16:41, 4, 0, :Invalid directory.
11/19/20, 16:43:56, 4, 0, :Invalid directory.
11/19/20, 16:47:22, 4, 0, :Invalid directory.
11/21/20, 12:46:15, 4, 0, :Invalid directory.
11/21/20, 12:50:09, 4, 0, :Invalid directory.
11/22/20, 08:23:05, 4, 0, :Invalid directory.
11/22/20, 11:16:29, 4, 0, :Invalid directory.
11/22/20, 11:22:53, 4, 0, :Invalid directory.
11/22/20, 12:07:10, 4, 0, :Invalid directory.
11/22/20, 12:14:40, 4, 0, :Invalid directory.
11/22/20, 12:16:54, 4, 0, :Invalid directory.
11/22/20, 12:26:44, 4, 0, :Invalid directory.
11/22/20, 12:28:29, 4, 0, :Invalid directory.
11/22/20, 12:29:52, 4, 0, :Invalid directory.
11/22/20, 12:36:48, 4, 0, :Invalid directory.
11/22/20, 12:39:58, 4, 0, :Invalid directory.
11/22/20, 12:42:46, 4, 0, :Invalid directory.
11/22/20, 12:45:53, 4, 0, :Invalid directory.
11/22/20, 12:47:44, 4, 0, :Invalid directory.
11/22/20, 13:13:21, 4, 0, :Invalid directory.
11/22/20, 13:37:16, 4, 0, :Invalid directory.
11/22/20, 13:42:18, 4, 0, :Invalid directory.
11/22/20, 13:44:31, 4, 0, :Invalid directory.
11/22/20, 13:45:47, 4, 0, :Invalid directory.
11/22/20, 13:56:41, 4, 0, :Invalid directory.
11/22/20, 16:37:15, 4, 0, :Invalid directory.
11/22/20, 16:42:03, 4, 0, :Invalid directory.
11/22/20, 16:44:28, 4, 0, :Invalid directory.
11/22/20, 16:58:32, 4, 0, :Invalid directory.
11/22/20, 16:58:48, 4, 0, :Invalid directory.
11/22/20, 16:58:49, 4, 0, :Invalid directory.
11/22/20, 16:59:07, 4, 0, :Invalid directory.
11/22/20, 16:59:09, 4, 0, :Invalid directory.
11/22/20, 16:59:15, 4, 0, :Invalid directory.
11/22/20, 16:59:17, 4, 0, :Invalid directory.
11/22/20, 16:59:29, 4, 0, :Invalid directory.
11/22/20, 16:59:49, 4, 0, :Invalid directory.
11/22/20, 16:59:54, 4, 0, :Invalid directory.
11/22/20, 17:00:15, 4, 0, :Invalid directory.
11/22/20, 17:01:10, 4, 0, :Invalid directory.
11/22/20, 17:01:32, 4, 0, :Invalid directory.
11/22/20, 17:03:33, 4, 0, :Invalid directory.
11/22/20, 17:05:19, 4, 0, :Invalid directory.
11/22/20, 17:06:05, 4, 0, :Invalid directory.
11/22/20, 17:06:06, 4, 0, :Invalid directory.
11/22/20, 17:06:41, 4, 0, :Invalid directory.
11/22/20, 17:07:42, 4, 0, :Invalid directory.
11/22/20, 17:07:43, 4, 0, :Invalid directory.
11/22/20, 17:08:26, 4, 0, :Invalid directory.
11/22/20, 17:09:51, 4, 0, :Invalid directory.
11/22/20, 17:46:35, 4, 0, :Invalid directory.
11/22/20, 17:48:20, 4, 0, :Invalid directory.
11/22/20, 17:48:54, 4, 0, :Invalid directory.
11/22/20, 17:50:21, 4, 0, :Invalid directory.
11/24/20, 18:08:43, 4, 0, :Invalid directory.
11/24/20, 18:09:31, 4, 0, :Invalid directory.
11/24/20, 18:09:57, 4, 0, :Invalid directory.
11/24/20, 18:37:01, 4, 0, :Invalid directory.
11/24/20, 18:38:30, 4, 0, :Invalid directory.
11/24/20, 18:39:18, 4, 0, :Invalid directory.
11/24/20, 18:50:43, 4, 0, :Invalid directory.
11/24/20, 21:11:06, 4, 0, :Invalid directory.
11/24/20, 21:12:44, 4, 0, :Invalid directory.
11/24/20, 21:14:09, 4, 0, :Invalid directory.
11/24/20, 21:14:33, 4, 0, :Invalid directory.
11/24/20, 21:18:17, 4, 0, :Invalid directory.
11/24/20, 21:18:29, 4, 0, :Invalid directory.
11/24/20, 21:18:52, 4, 0, :Invalid directory.
11/24/20, 21:19:56, 4, 0, :Invalid directory.
11/24/20, 21:20:28, 4, 0, :Invalid directory.
11/24/20, 21:20:50, 4, 0, :Invalid directory.
11/24/20, 21:25:56, 4, 0, :Invalid directory.
11/24/20, 21:28:04, 4, 0, :Invalid directory.
11/24/20, 21:29:28, 4, 0, :Invalid directory.
11/24/20, 21:31:12, 4, 0, :Invalid directory.
11/24/20, 21:33:53, 4, 0, :Invalid directory.
11/24/20, 21:34:49, 4, 0, :Invalid directory.
11/24/20, 21:35:59, 4, 0, :Invalid directory.
11/24/20, 21:36:37, 4, 0, :Invalid directory.
11/24/20, 21:38:09, 4, 0, :Invalid directory.
11/24/20, 21:42:10, 4, 0, :Invalid directory.
11/24/20, 21:42:49, 4, 0, :Invalid directory.
11/24/20, 21:43:50, 4, 0, :Invalid directory.
11/24/20, 21:44:59, 4, 0, :Invalid directory.
11/24/20, 21:45:59, 4, 0, :Invalid directory.
11/24/20, 21:47:06, 4, 0, :Invalid directory.
11/24/20, 21:47:28, 4, 0, :Invalid directory.
11/24/20, 21:48:05, 4, 0, :Invalid directory.
11/24/20, 21:49:51, 4, 0, :Invalid directory.
11/24/20, 21:51:23, 4, 0, :Invalid directory.
11/29/20, 22:39:53, 4, 0, :Invalid directory.
11/29/20, 22:44:05, 4, 0, :Invalid directory.
11/29/20, 22:47:49, 4, 0, :Invalid directory.
11/29/20, 22:51:38, 4, 0, :Invalid directory.
11/29/20, 22:58:42, 4, 0, :Invalid directory.
11/29/20, 22:59:32, 4, 0, :Invalid directory.
11/29/20, 23:00:40, 4, 0, :Invalid directory.
11/29/20, 23:00:44, 4, 0, :Invalid directory.
12/02/20, 12:54:49, 4, 0, :Invalid directory.
12/02/20, 12:55:13, 4, 0, c:\ADMIN\NORDI\COTI.RPT:Error detected by database DLL.
12/24/20, 13:55:38, 4, 0, :Invalid directory.
12/25/20, 11:46:13, 4, 0, :Invalid directory.
12/25/20, 12:13:15, 4, 0, :Invalid directory.
12/25/20, 12:14:34, 4, 0, :Invalid directory.
12/25/20, 12:17:51, 4, 0, :Invalid directory.
12/25/20, 12:23:12, 4, 0, :Invalid directory.
12/25/20, 12:24:07, 4, 0, :Invalid directory.
12/29/20, 07:50:56, 4, 0, :Invalid directory.
12/29/20, 07:51:03, 4, 0, :Invalid directory.
12/29/20, 07:51:23, 4, 0, :Invalid directory.
12/29/20, 07:51:32, 4, 0, :Invalid directory.
12/29/20, 07:51:51, 4, 0, :Invalid directory.
12/29/20, 07:52:45, 4, 0, :Invalid directory.
12/29/20, 07:53:15, 4, 0, :Invalid directory.
12/31/20, 11:26:22, 4, 0, :Invalid directory.
01/01/21, 18:30:29, 4, 0, :Invalid directory.
01/01/21, 18:30:41, 4, 0, :Invalid directory.
01/01/21, 18:30:52, 4, 0, :Invalid directory.
01/01/21, 18:31:11, 4, 0, :Invalid directory.
01/01/21, 18:33:36, 4, 0, :Invalid directory.
01/01/21, 18:33:46, 4, 0, :Invalid directory.
01/01/21, 18:33:55, 4, 0, :Invalid directory.
01/01/21, 18:34:05, 4, 0, :Invalid directory.
01/01/21, 18:34:15, 4, 0, :Invalid directory.
01/01/21, 18:34:46, 4, 0, :Invalid directory.
01/04/21, 17:11:43, 4, 0, :Invalid directory.
01/04/21, 17:13:47, 4, 0, :Invalid directory.
01/04/21, 17:18:58, 4, 0, :Invalid directory.
01/04/21, 17:21:59, 4, 0, :Invalid directory.
01/04/21, 17:24:08, 4, 0, :Invalid directory.
01/07/21, 17:53:15, 4, 0, :Invalid directory.
01/07/21, 17:55:52, 4, 0, :Invalid directory.
01/07/21, 17:56:10, 4, 0, :Invalid directory.
01/07/21, 18:16:24, 4, 0, :Invalid directory.
01/07/21, 18:24:24, 4, 0, :Invalid directory.
01/07/21, 18:28:10, 4, 0, :Invalid directory.
01/08/21, 16:52:10, 4, 0, :Invalid directory.
01/08/21, 16:53:00, 4, 0, :Invalid directory.
01/13/21, 18:16:36, 4, 0, :Invalid directory.
01/14/21, 12:15:32, 4, 0, :Invalid directory.
01/27/21, 21:54:57, 4, 0, :Invalid directory.
01/27/21, 21:56:18, 4, 0, :Invalid directory.
01/27/21, 21:56:38, 4, 0, :Invalid directory.
01/27/21, 22:03:19, 4, 0, :Invalid directory.
02/04/21, 11:17:07, 4, 0, :Invalid directory.
02/04/21, 11:24:36, 4, 0, :Invalid directory.
02/04/21, 11:29:05, 4, 0, :Invalid directory.
02/04/21, 11:29:20, 4, 0, :Invalid directory.
02/04/21, 11:49:38, 4, 0, :Invalid directory.
02/04/21, 11:49:55, 4, 0, :Invalid directory.
02/04/21, 12:16:16, 4, 0, :Invalid directory.
02/04/21, 12:41:07, 4, 0, :Invalid directory.
02/08/21, 12:21:01, 4, 0, :Invalid directory.
02/08/21, 12:24:32, 4, 0, :Invalid directory.
02/08/21, 12:42:35, 4, 0, :Invalid directory.
02/08/21, 12:49:37, 4, 0, :Invalid directory.
02/08/21, 12:52:46, 4, 0, :Invalid directory.
02/08/21, 16:34:25, 4, 0, :Invalid directory.
02/08/21, 16:36:11, 4, 0, :Invalid directory.
02/08/21, 16:43:42, 4, 0, :Invalid directory.
02/11/21, 18:14:00, 4, 0, :Invalid directory.
02/16/21, 10:56:03, 4, 0, :Invalid directory.
02/16/21, 11:03:41, 4, 0, :Invalid directory.
02/16/21, 12:14:54, 4, 0, :Invalid directory.
02/16/21, 12:15:42, 4, 0, :Invalid directory.
02/19/21, 20:58:46, 4, 0, :Invalid directory.
02/19/21, 20:59:48, 4, 0, :Invalid directory.
02/19/21, 21:01:07, 4, 0, :Invalid directory.
02/24/21, 18:40:50, 4, 0, :Invalid directory.
02/28/21, 20:49:20, 4, 0, :Invalid directory.
02/28/21, 20:50:03, 4, 0, :Invalid directory.
02/28/21, 20:53:12, 4, 0, :Invalid directory.
02/28/21, 20:54:35, 4, 0, c:\ADMIN\NORDI\COTI.RPT:Error detected by database DLL.
02/28/21, 20:55:23, 4, 0, c:\ADMIN\NORDI\COTI.RPT:Error detected by database DLL.
02/28/21, 20:56:08, 4, 0, :Invalid directory.
02/28/21, 20:56:34, 4, 0, c:\ADMIN\NORDI\COTI.RPT:Error detected by database DLL.
02/28/21, 20:56:43, 4, 0, :Invalid directory.
02/28/21, 21:03:12, 4, 0, :Invalid directory.
02/28/21, 21:08:05, 4, 0, :Invalid directory.
02/28/21, 21:10:46, 4, 0, :Invalid directory.
02/28/21, 21:18:43, 4, 0, :Invalid directory.
02/28/21, 21:27:23, 4, 0, :Invalid directory.
02/28/21, 21:29:57, 4, 0, :Invalid directory.
02/28/21, 21:37:59, 4, 0, :Invalid directory.
02/28/21, 21:50:49, 4, 0, :Invalid directory.
02/28/21, 21:54:36, 4, 0, :Invalid directory.
02/28/21, 22:01:52, 4, 0, :Invalid directory.
02/28/21, 22:02:24, 4, 0, :Invalid directory.
02/28/21, 22:07:47, 4, 0, :Invalid directory.
02/28/21, 22:13:52, 4, 0, :Invalid directory.
02/28/21, 22:18:02, 4, 0, :Invalid directory.
02/28/21, 22:23:47, 4, 0, :Invalid directory.
03/01/21, 20:14:09, 4, 0, :Invalid directory.
03/01/21, 20:14:51, 4, 0, :Invalid directory.
03/01/21, 20:19:49, 4, 0, :Invalid directory.
03/01/21, 21:55:56, 4, 0, :Invalid directory.
03/01/21, 22:15:42, 4, 0, :Invalid directory.
03/01/21, 22:16:32, 4, 0, :Invalid directory.
03/01/21, 22:25:27, 4, 0, :Invalid directory.
03/01/21, 22:26:58, 4, 0, :Invalid directory.
03/01/21, 22:33:43, 4, 0, :Invalid directory.
03/01/21, 22:40:25, 4, 0, :Invalid directory.
03/01/21, 22:50:27, 4, 0, :Invalid directory.
03/01/21, 22:50:47, 4, 0, :Invalid directory.
03/01/21, 22:51:59, 4, 0, :Invalid directory.
03/01/21, 22:58:09, 4, 0, c:\ADMIN\NORDI\RESCAJAUSU.RPT:Error detected by database DLL.
03/26/21, 16:30:24, 4, 0, :Invalid directory.
03/26/21, 16:56:03, 4, 0, :Invalid directory.
03/26/21, 16:58:41, 4, 0, :Invalid directory.
03/26/21, 17:53:36, 4, 0, :Invalid directory.
04/06/21, 15:49:12, 4, 0, :Invalid directory.
04/07/21, 12:43:40, 4, 0, :Invalid directory.
05/05/21, 12:18:33, 4, 0, :Invalid directory.
05/23/21, 11:59:46, 4, 0, :Invalid directory.
05/25/21, 16:28:10, 4, 0, :Invalid directory.
06/02/21, 17:54:08, 4, 0, :Invalid directory.
06/02/21, 18:12:54, 4, 0, :Invalid directory.
06/02/21, 18:13:10, 4, 0, :Invalid directory.
08/17/21, 12:33:53, 4, 0, :Invalid directory.
08/17/21, 12:36:53, 4, 0, :Invalid directory.
08/17/21, 12:39:51, 4, 0, :Invalid directory.
08/17/21, 16:00:32, 4, 0, :Invalid directory.
08/17/21, 16:05:30, 4, 0, :Invalid directory.
08/17/21, 16:19:14, 4, 0, :Invalid directory.
08/17/21, 16:20:37, 4, 0, :Invalid directory.
08/17/21, 16:22:50, 4, 0, :Invalid directory.
08/17/21, 16:29:17, 4, 0, :Invalid directory.
08/17/21, 17:56:37, 4, 0, :Invalid directory.
08/18/21, 16:01:06, 4, 0, :Invalid directory.
08/18/21, 16:39:10, 4, 0, :Invalid directory.
08/18/21, 16:44:37, 4, 0, :Invalid directory.
08/18/21, 17:05:10, 4, 0, :Invalid directory.
08/19/21, 17:08:46, 4, 0, :Invalid directory.
08/19/21, 17:08:55, 4, 0, :Invalid directory.
08/24/21, 11:58:47, 4, 0, :Invalid directory.
08/24/21, 12:03:25, 4, 0, :Invalid directory.
08/24/21, 12:04:54, 4, 0, :Invalid directory.
08/24/21, 12:07:47, 4, 0, :Invalid directory.
08/25/21, 19:31:43, 4, 0, :Invalid directory.
08/25/21, 19:33:45, 4, 0, :Invalid directory.
08/26/21, 16:03:21, 4, 0, :Invalid directory.
09/01/21, 13:43:46, 4, 0, :Invalid directory.
09/14/21, 18:15:27, 4, 0, :Invalid directory.
09/14/21, 18:16:56, 4, 0, :Invalid directory.
09/14/21, 18:21:58, 4, 0, :Invalid directory.
09/14/21, 18:31:44, 4, 0, :Invalid directory.
09/14/21, 18:33:56, 4, 0, :Invalid directory.
09/14/21, 18:36:34, 4, 0, :Invalid directory.
09/15/21, 11:05:12, 4, 0, :Invalid directory.
09/15/21, 11:08:41, 4, 0, :Invalid directory.
09/15/21, 11:11:53, 4, 0, :Invalid directory.
09/27/21, 17:57:33, 4, 0, :Invalid directory.
09/27/21, 18:00:05, 4, 0, :Invalid directory.
09/27/21, 18:01:26, 4, 0, :Invalid directory.
09/27/21, 18:47:31, 4, 0, :Invalid directory.
09/27/21, 18:49:09, 4, 0, :Invalid directory.
09/27/21, 21:09:46, 4, 0, :Invalid directory.
09/27/21, 21:12:12, 4, 0, :Invalid directory.
09/27/21, 21:12:32, 4, 0, :Invalid directory.
10/20/21, 15:45:07, 4, 0, :Invalid directory.
10/20/21, 15:57:52, 4, 0, :Invalid directory.
10/20/21, 15:59:41, 4, 0, :Invalid directory.
11/09/21, 12:23:45, 4, 0, :Invalid directory.
11/09/21, 12:26:08, 4, 0, :Invalid directory.
11/09/21, 12:26:52, 4, 0, :Invalid directory.
11/09/21, 12:30:17, 4, 0, :Invalid directory.
12/04/21, 10:05:45, 4, 0, :Invalid directory.
12/04/21, 10:05:56, 4, 0, :Invalid directory.
12/04/21, 10:07:09, 4, 0, :Invalid directory.
12/04/21, 10:11:50, 4, 0, :Invalid directory.
12/04/21, 10:13:02, 4, 0, :Invalid directory.
12/04/21, 10:16:43, 4, 0, :Invalid directory.
12/04/21, 10:17:34, 4, 0, :Invalid directory.
12/06/21, 16:56:34, 4, 0, :Invalid directory.
12/06/21, 16:56:47, 4, 0, :Invalid directory.
12/16/21, 18:21:23, 4, 0, :Invalid directory.
12/16/21, 18:22:57, 4, 0, :Invalid directory.
12/16/21, 18:23:19, 4, 0, :Invalid directory.
12/16/21, 23:13:21, 4, 0, :Invalid directory.
12/16/21, 23:13:31, 4, 0, :Invalid directory.
12/16/21, 23:14:19, 4, 0, :Invalid directory.
12/16/21, 23:33:48, 4, 0, :Invalid directory.
12/20/21, 16:06:43, 4, 0, :Invalid directory.
12/29/21, 21:05:58, 4, 0, :Invalid directory.
12/29/21, 21:10:27, 4, 0, :Invalid directory.
12/29/21, 22:16:03, 4, 0, :Invalid directory.
12/29/21, 22:17:16, 4, 0, :Invalid directory.
12/29/21, 22:20:59, 4, 0, :Invalid directory.
12/29/21, 22:24:32, 4, 0, :Invalid directory.
12/29/21, 22:31:43, 4, 0, :Invalid directory.
12/29/21, 22:36:26, 4, 0, :Invalid directory.
02/01/22, 12:06:07, 4, 0, :Invalid directory.
02/01/22, 12:09:01, 4, 0, :Invalid directory.
02/01/22, 12:09:32, 4, 0, :Invalid directory.
02/01/22, 12:12:46, 4, 0, :Invalid directory.
05/23/22, 20:25:03, 4, 0, :Invalid directory.
05/23/22, 20:25:45, 4, 0, :Invalid directory.
05/23/22, 20:30:39, 4, 0, :Invalid directory.
05/23/22, 20:33:13, 4, 0, :Invalid directory.
07/18/22, 13:03:08, 4, 0, :Invalid directory.
07/18/22, 13:05:19, 4, 0, :Invalid directory.
07/18/22, 13:05:28, 4, 0, :Invalid directory.
07/18/22, 13:05:48, 4, 0, :Invalid directory.
07/18/22, 13:07:24, 4, 0, :Invalid directory.
07/18/22, 13:08:29, 4, 0, :Invalid directory.
07/18/22, 13:09:39, 4, 0, :Invalid directory.
07/18/22, 13:19:49, 4, 0, :Invalid directory.
07/18/22, 13:22:26, 4, 0, :Invalid directory.
07/18/22, 13:23:32, 4, 0, :Invalid directory.
07/18/22, 13:27:13, 4, 0, :Invalid directory.
07/18/22, 13:28:11, 4, 0, :Invalid directory.
07/18/22, 13:33:55, 4, 0, :Invalid directory.
07/18/22, 13:35:47, 4, 0, :Invalid directory.
07/18/22, 13:36:44, 4, 0, :Invalid directory.
08/10/22, 16:58:27, 4, 0, :Invalid directory.
08/10/22, 17:01:06, 4, 0, :Invalid directory.
08/10/22, 17:19:58, 4, 0, :Invalid directory.
08/10/22, 23:10:00, 4, 0, :Invalid directory.
08/10/22, 23:10:34, 4, 0, :Invalid directory.
08/10/22, 23:14:26, 4, 0, :Invalid directory.
08/10/22, 23:17:42, 4, 0, :Invalid directory.
08/10/22, 23:24:17, 4, 0, :Invalid directory.
08/10/22, 23:24:25, 4, 0, :Invalid directory.
08/10/22, 23:27:34, 4, 0, :Invalid directory.
08/10/22, 23:33:13, 4, 0, :Invalid directory.
08/10/22, 23:34:00, 4, 0, :Invalid directory.
08/10/22, 23:34:18, 4, 0, :Invalid directory.
08/10/22, 23:36:12, 4, 0, :Invalid directory.
08/11/22, 10:27:55, 4, 0, :Invalid directory.
08/11/22, 10:28:26, 4, 0, :Invalid directory.
08/11/22, 10:37:39, 4, 0, :Invalid directory.
08/11/22, 10:49:27, 4, 0, :Invalid directory.
08/11/22, 10:51:40, 4, 0, :Invalid directory.
08/11/22, 10:57:04, 4, 0, :Invalid directory.
08/11/22, 12:26:03, 4, 0, :Invalid directory.
08/11/22, 12:38:14, 4, 0, :Invalid directory.
08/11/22, 12:39:24, 4, 0, :Invalid directory.
08/11/22, 12:43:27, 4, 0, :Invalid directory.
08/11/22, 12:45:09, 4, 0, :Invalid directory.
08/11/22, 12:46:18, 4, 0, :Invalid directory.
08/11/22, 12:47:04, 4, 0, :Invalid directory.
08/11/22, 12:50:41, 4, 0, :Invalid directory.
08/11/22, 12:54:06, 4, 0, :Invalid directory.
08/11/22, 12:54:35, 4, 0, :Invalid directory.
08/11/22, 13:01:26, 4, 0, :Invalid directory.
08/11/22, 13:04:37, 4, 0, :Invalid directory.
08/11/22, 13:04:37, 4, 0, :Invalid directory.
08/11/22, 13:06:31, 4, 0, :Invalid directory.
08/11/22, 13:09:34, 4, 0, :Invalid directory.
08/11/22, 13:11:10, 4, 0, :Invalid directory.
08/11/22, 13:13:19, 4, 0, :Invalid directory.
08/11/22, 13:13:34, 4, 0, :Invalid directory.
08/18/22, 19:24:51, 4, 0, :Invalid directory.
08/18/22, 19:27:53, 4, 0, :Invalid directory.
08/18/22, 19:31:16, 4, 0, :Invalid directory.
08/18/22, 19:36:37, 4, 0, :Invalid directory.
08/18/22, 19:39:18, 4, 0, :Invalid directory.
08/18/22, 19:48:16, 4, 0, :Invalid directory.
08/21/22, 00:05:27, 4, 0, :Invalid directory.
08/21/22, 00:06:16, 4, 0, :Invalid directory.
08/21/22, 00:08:47, 4, 0, :Invalid directory.
08/21/22, 00:10:40, 4, 0, :Invalid directory.
08/21/22, 00:11:33, 4, 0, :Invalid directory.
08/27/22, 17:52:58, 4, 0, :Invalid directory.
09/08/22, 12:59:54, 4, 0, :Invalid directory.
09/08/22, 13:03:20, 4, 0, :Invalid directory.
09/08/22, 13:05:18, 4, 0, :Invalid directory.
10/06/22, 21:42:31, 4, 0, :Invalid directory.
10/06/22, 21:44:32, 4, 0, :Invalid directory.
10/06/22, 21:47:44, 4, 0, :Invalid directory.
10/06/22, 21:48:54, 4, 0, :Invalid directory.
10/12/22, 18:16:28, 4, 0, :Invalid directory.
10/12/22, 18:16:43, 4, 0, :Invalid directory.
10/12/22, 18:21:13, 4, 0, :Invalid directory.
10/12/22, 18:26:27, 4, 0, :Invalid directory.
10/12/22, 18:27:11, 4, 0, :Invalid directory.
10/12/22, 18:29:44, 4, 0, :Invalid directory.
10/24/22, 11:36:37, 4, 0, :Invalid directory.
10/24/22, 11:43:28, 4, 0, :Invalid directory.
10/24/22, 11:44:21, 4, 0, :Invalid directory.
10/24/22, 11:45:38, 4, 0, :Invalid directory.
10/24/22, 11:53:52, 4, 0, :Invalid directory.
10/24/22, 11:56:55, 4, 0, :Invalid directory.
10/24/22, 11:57:20, 4, 0, :Invalid directory.
10/24/22, 11:58:26, 4, 0, :Invalid directory.
10/24/22, 12:07:28, 4, 0, :Invalid directory.
10/24/22, 12:12:26, 4, 0, :Invalid directory.
10/24/22, 12:15:09, 4, 0, :Invalid directory.
10/24/22, 12:16:36, 4, 0, :Invalid directory.
10/24/22, 12:44:56, 4, 0, :Invalid directory.
10/24/22, 14:25:31, 4, 0, :Invalid directory.
10/24/22, 14:27:44, 4, 0, :Invalid directory.
10/24/22, 14:28:23, 4, 0, :Invalid directory.
10/24/22, 14:29:52, 4, 0, :Invalid directory.
10/24/22, 14:41:44, 4, 0, :Invalid directory.
10/24/22, 14:43:03, 4, 0, :Invalid directory.
10/24/22, 14:44:32, 4, 0, :Invalid directory.
10/24/22, 14:45:30, 4, 0, :Invalid directory.
11/09/22, 11:36:09, 4, 0, :Invalid directory.
05/30/23, 12:31:45, 4, 0, :Invalid directory.
05/30/23, 12:35:24, 4, 0, :Invalid directory.
05/30/23, 12:36:57, 4, 0, :Invalid directory.
05/30/23, 12:55:36, 4, 0, :Invalid directory.
07/10/23, 17:37:41, 4, 0, :Invalid directory.
12/13/23, 17:12:12, 4, 0, :Invalid directory.
06/01/24, 22:42:56, 4, 0, :Invalid directory.
06/02/24, 21:15:16, 4, 0, :Invalid directory.
06/02/24, 21:29:14, 4, 0, :Invalid directory.
06/02/24, 21:38:22, 4, 0, :Invalid directory.
06/02/24, 21:38:33, 4, 0, :Invalid directory.
06/02/24, 21:39:04, 4, 0, :Invalid directory.
06/02/24, 21:39:48, 4, 0, :Invalid directory.
06/02/24, 21:39:57, 4, 0, :Invalid directory.
06/02/24, 21:44:37, 4, 0, :Invalid directory.
06/02/24, 21:44:50, 4, 0, :Invalid directory.
06/02/24, 21:45:44, 4, 0, :Invalid directory.
06/02/24, 21:48:07, 4, 0, :Invalid directory.
06/02/24, 21:49:06, 4, 0, :Invalid directory.
06/02/24, 21:50:32, 4, 0, :Invalid directory.
06/02/24, 21:51:01, 4, 0, :Invalid directory.
06/02/24, 21:51:11, 4, 0, :Invalid directory.
06/02/24, 21:51:25, 4, 0, :Invalid directory.
06/02/24, 22:00:18, 4, 0, :Invalid directory.
06/02/24, 22:00:55, 4, 0, :Invalid directory.
06/02/24, 22:03:49, 4, 0, :Invalid directory.
06/02/24, 22:13:35, 4, 0, :Invalid directory.
06/03/24, 14:37:58, 4, 0, :Invalid directory.
06/03/24, 14:39:27, 4, 0, :Invalid directory.
06/03/24, 14:39:42, 4, 0, :Invalid directory.
06/03/24, 14:40:24, 4, 0, :Invalid directory.
06/03/24, 14:41:30, 4, 0, :Invalid directory.
06/03/24, 15:18:07, 4, 0, :Invalid directory.
06/03/24, 15:50:55, 4, 0, :Invalid directory.
06/03/24, 16:16:03, 4, 0, :Invalid directory.
06/03/24, 16:16:25, 4, 0, :Invalid directory.
06/03/24, 16:23:47, 4, 0, :Invalid directory.
06/03/24, 16:28:28, 4, 0, :Invalid directory.
06/03/24, 19:28:14, 4, 0, :Invalid directory.
06/03/24, 19:28:50, 4, 0, :Invalid directory.
06/03/24, 20:17:53, 4, 0, :Invalid directory.
06/03/24, 20:24:36, 4, 0, :Invalid directory.
06/03/24, 20:25:07, 4, 0, :Invalid directory.
06/03/24, 23:20:56, 4, 0, :Invalid directory.
06/04/24, 00:03:02, 4, 0, :Invalid directory.
06/04/24, 00:04:53, 4, 0, :Invalid directory.
06/04/24, 00:55:44, 4, 0, :Invalid directory.
06/04/24, 00:58:55, 4, 0, :Invalid directory.
06/04/24, 01:24:10, 4, 0, :Invalid directory.
06/04/24, 01:25:52, 4, 0, :Invalid directory.
06/04/24, 01:27:04, 4, 0, :Invalid directory.
06/04/24, 01:29:15, 4, 0, :Invalid directory.
06/04/24, 01:31:21, 4, 0, :Invalid directory.
06/04/24, 01:34:34, 4, 0, :Invalid directory.
06/05/24, 00:11:45, 4, 0, :Invalid directory.
06/05/24, 00:15:40, 4, 0, :Invalid directory.
06/05/24, 00:18:16, 4, 0, :Invalid directory.
06/05/24, 00:25:21, 4, 0, :Invalid directory.
06/05/24, 00:28:00, 4, 0, :Invalid directory.
06/05/24, 00:28:38, 4, 0, :Invalid directory.
06/05/24, 00:28:50, 4, 0, :Invalid directory.
06/05/24, 00:46:52, 4, 0, :Invalid directory.
06/05/24, 01:39:53, 4, 0, :Invalid directory.
06/05/24, 01:43:12, 4, 0, :Invalid directory.
06/05/24, 02:00:26, 4, 0, :Invalid directory.
06/05/24, 02:13:45, 4, 0, :Invalid directory.
06/05/24, 02:25:50, 4, 0, :Invalid directory.
06/05/24, 02:28:06, 4, 0, :Invalid directory.
06/05/24, 12:08:45, 4, 0, :Invalid directory.
06/05/24, 12:33:45, 4, 0, :Invalid directory.
06/05/24, 12:34:39, 4, 0, :Invalid directory.
06/05/24, 15:06:25, 4, 0, :Invalid directory.
06/05/24, 18:44:52, 4, 0, :Invalid directory.
06/05/24, 20:18:26, 4, 0, :Invalid directory.
06/05/24, 20:19:09, 4, 0, :Invalid directory.
06/05/24, 20:29:31, 4, 0, :Invalid directory.
06/06/24, 11:25:27, 4, 0, :Invalid directory.
06/06/24, 11:26:52, 4, 0, :Invalid directory.
06/06/24, 11:37:23, 4, 0, :Invalid directory.
06/06/24, 11:47:14, 4, 0, :Invalid directory.
06/06/24, 11:55:26, 4, 0, :Invalid directory.
06/06/24, 12:03:04, 4, 0, :Invalid directory.
06/06/24, 12:05:14, 4, 0, :Invalid directory.
06/06/24, 12:06:43, 4, 0, :Invalid directory.
06/06/24, 12:07:07, 4, 0, :Invalid directory.
06/06/24, 12:08:20, 4, 0, :Invalid directory.
06/06/24, 12:09:38, 4, 0, :Invalid directory.
06/06/24, 12:11:31, 4, 0, :Invalid directory.
06/06/24, 12:12:43, 4, 0, :Invalid directory.
06/06/24, 12:13:09, 4, 0, :Invalid directory.
06/06/24, 16:51:47, 4, 0, :Invalid directory.
06/06/24, 19:02:46, 4, 0, :Invalid directory.
06/06/24, 19:20:01, 4, 0, :Invalid directory.
06/06/24, 21:46:27, 4, 0, :Invalid directory.
06/06/24, 21:47:27, 4, 0, :Invalid directory.
06/06/24, 21:48:08, 4, 0, :Invalid directory.
06/06/24, 21:55:46, 4, 0, :Invalid directory.
06/06/24, 23:00:09, 4, 0, :Invalid directory.
06/06/24, 23:00:40, 4, 0, :Invalid directory.
06/06/24, 23:24:21, 4, 0, :Invalid directory.
06/06/24, 23:44:48, 4, 0, :Invalid directory.
06/06/24, 23:47:59, 4, 0, :Invalid directory.
06/06/24, 23:49:03, 4, 0, :Invalid directory.
06/06/24, 23:53:43, 4, 0, :Invalid directory.
06/07/24, 00:06:14, 4, 0, :Invalid directory.
06/07/24, 00:08:48, 4, 0, :Invalid directory.
06/07/24, 01:21:14, 4, 0, :Invalid directory.
06/07/24, 01:25:59, 4, 0, :Invalid directory.
06/07/24, 01:28:48, 4, 0, :Invalid directory.
06/07/24, 01:39:36, 4, 0, :Invalid directory.
06/07/24, 01:41:25, 4, 0, :Invalid directory.
06/07/24, 09:32:49, 4, 0, :Invalid directory.
06/07/24, 09:41:53, 4, 0, :Invalid directory.
06/07/24, 09:53:52, 4, 0, :Invalid directory.
06/07/24, 09:56:12, 4, 0, :Invalid directory.
06/07/24, 09:59:27, 4, 0, :Invalid directory.
06/08/24, 18:04:15, 4, 0, :Invalid directory.
06/13/24, 21:55:06, 4, 0, :Invalid directory.
